<?xml version="1.0" ?>
<!DOCTYPE coverage
  SYSTEM 'http://cobertura.sourceforge.net/xml/coverage-04.dtd'>
<coverage line-rate="0.7703703703703704" branch-rate="0.4494556765163297" lines-covered="416" lines-valid="540" branches-covered="289" branches-valid="643" complexity="0.0" timestamp="1701794425" version="gcovr 4.1">
<sources>
<source>.</source>
</sources>
<packages>
<package name="" line-rate="0.6754617414248021" branch-rate="0.40298507462686567" complexity="0.0">
<classes>
<class name="ASATLV_c" filename="ASATLV.c" line-rate="0.6754617414248021" branch-rate="0.40298507462686567" complexity="0.0">
<methods/>
<lines>
<line number="13" hits="2" branch="false"/>
<line number="15" hits="2" branch="false"/>
<line number="16" hits="2" branch="false"/>
<line number="17" hits="2" branch="false"/>
<line number="19" hits="1" branch="false"/>
<line number="21" hits="1" branch="true" condition-coverage="50% (1/2)">
<conditions>
<condition number="0" type="jump" coverage="50%"/>
</conditions>
</line>
<line number="22" hits="0" branch="false"/>
<line number="23" hits="0" branch="false"/>
<line number="25" hits="1" branch="false"/>
<line number="27" hits="6" branch="false"/>
<line number="31" hits="8" branch="true" condition-coverage="100% (2/2)">
<conditions>
<condition number="0" type="jump" coverage="100%"/>
</conditions>
</line>
<line number="33" hits="2" branch="false"/>
<line number="34" hits="2" branch="false"/>
<line number="36" hits="6" branch="false"/>
<line number="38" hits="6" branch="false"/>
<line number="42" hits="6" branch="false"/>
<line number="43" hits="9" branch="true" condition-coverage="100% (2/2)">
<conditions>
<condition number="0" type="jump" coverage="100%"/>
</conditions>
</line>
<line number="45" hits="3" branch="false"/>
<line number="46" hits="3" branch="false"/>
<line number="48" hits="9" branch="true" condition-coverage="100% (2/2)">
<conditions>
<condition number="0" type="jump" coverage="100%"/>
</conditions>
</line>
<line number="50" hits="3" branch="false"/>
<line number="51" hits="3" branch="false"/>
<line number="53" hits="6" branch="false"/>
<line number="54" hits="6" branch="false"/>
<line number="56" hits="8" branch="false"/>
<line number="60" hits="9" branch="true" condition-coverage="100% (2/2)">
<conditions>
<condition number="0" type="jump" coverage="100%"/>
</conditions>
</line>
<line number="62" hits="1" branch="false"/>
<line number="63" hits="1" branch="false"/>
<line number="65" hits="8" branch="false"/>
<line number="67" hits="4" branch="false"/>
<line number="69" hits="4" branch="true" condition-coverage="50% (1/2)">
<conditions>
<condition number="0" type="jump" coverage="50%"/>
</conditions>
</line>
<line number="70" hits="0" branch="false"/>
<line number="72" hits="4" branch="false"/>
<line number="73" hits="4" branch="false"/>
<line number="76" hits="8" branch="false"/>
<line number="80" hits="8" branch="false"/>
<line number="82" hits="8" branch="true" condition-coverage="50% (1/2)">
<conditions>
<condition number="0" type="jump" coverage="50%"/>
</conditions>
</line>
<line number="83" hits="351" branch="true" condition-coverage="100% (2/2)">
<conditions>
<condition number="0" type="jump" coverage="100%"/>
</conditions>
</line>
<line number="85" hits="343" branch="true" condition-coverage="100% (4/4)">
<conditions>
<condition number="0" type="jump" coverage="100%"/>
</conditions>
</line>
<line number="87" hits="17" branch="true" condition-coverage="50% (1/2)">
<conditions>
<condition number="0" type="jump" coverage="50%"/>
</conditions>
</line>
<line number="88" hits="17" branch="false"/>
<line number="90" hits="326" branch="true" condition-coverage="100% (4/4)">
<conditions>
<condition number="0" type="jump" coverage="100%"/>
</conditions>
</line>
<line number="91" hits="22" branch="false"/>
<line number="92" hits="343" branch="true" condition-coverage="100% (2/2)">
<conditions>
<condition number="0" type="jump" coverage="100%"/>
</conditions>
</line>
<line number="94" hits="8" branch="true" condition-coverage="50% (1/2)">
<conditions>
<condition number="0" type="jump" coverage="50%"/>
</conditions>
</line>
<line number="95" hits="8" branch="true" condition-coverage="50% (1/2)">
<conditions>
<condition number="0" type="jump" coverage="50%"/>
</conditions>
</line>
<line number="96" hits="8" branch="false"/>
<line number="180" hits="1" branch="false"/>
<line number="186" hits="1" branch="true" condition-coverage="50% (1/2)">
<conditions>
<condition number="0" type="jump" coverage="50%"/>
</conditions>
</line>
<line number="188" hits="0" branch="true" condition-coverage="0% (0/2)">
<conditions>
<condition number="0" type="jump" coverage="0%"/>
</conditions>
</line>
<line number="189" hits="0" branch="false"/>
<line number="192" hits="1" branch="false"/>
<line number="193" hits="1" branch="false"/>
<line number="194" hits="1" branch="false"/>
<line number="195" hits="1" branch="true" condition-coverage="50% (1/2)">
<conditions>
<condition number="0" type="jump" coverage="50%"/>
</conditions>
</line>
<line number="197" hits="0" branch="true" condition-coverage="0% (0/2)">
<conditions>
<condition number="0" type="jump" coverage="0%"/>
</conditions>
</line>
<line number="198" hits="0" branch="false"/>
<line number="201" hits="1" branch="false"/>
<line number="202" hits="1" branch="false"/>
<line number="203" hits="1" branch="false"/>
<line number="204" hits="1" branch="false"/>
<line number="205" hits="1" branch="false"/>
<line number="206" hits="1" branch="false"/>
<line number="207" hits="1" branch="false"/>
<line number="208" hits="1" branch="false"/>
<line number="211" hits="2" branch="false"/>
<line number="219" hits="2" branch="true" condition-coverage="50% (1/2)">
<conditions>
<condition number="0" type="jump" coverage="50%"/>
</conditions>
</line>
<line number="221" hits="0" branch="true" condition-coverage="0% (0/2)">
<conditions>
<condition number="0" type="jump" coverage="0%"/>
</conditions>
</line>
<line number="222" hits="0" branch="false"/>
<line number="225" hits="2" branch="false"/>
<line number="226" hits="2" branch="false"/>
<line number="227" hits="2" branch="false"/>
<line number="229" hits="2" branch="false"/>
<line number="230" hits="2" branch="false"/>
<line number="231" hits="2" branch="false"/>
<line number="232" hits="2" branch="false"/>
<line number="234" hits="2" branch="true" condition-coverage="25% (1/4)">
<conditions>
<condition number="0" type="jump" coverage="25%"/>
</conditions>
</line>
<line number="236" hits="0" branch="true" condition-coverage="0% (0/2)">
<conditions>
<condition number="0" type="jump" coverage="0%"/>
</conditions>
</line>
<line number="238" hits="0" branch="false"/>
<line number="241" hits="2" branch="true" condition-coverage="50% (1/2)">
<conditions>
<condition number="0" type="jump" coverage="50%"/>
</conditions>
</line>
<line number="242" hits="2" branch="true" condition-coverage="50% (1/2)">
<conditions>
<condition number="0" type="jump" coverage="50%"/>
</conditions>
</line>
<line number="244" hits="0" branch="true" condition-coverage="0% (0/2)">
<conditions>
<condition number="0" type="jump" coverage="0%"/>
</conditions>
</line>
<line number="245" hits="0" branch="true" condition-coverage="0% (0/2)">
<conditions>
<condition number="0" type="jump" coverage="0%"/>
</conditions>
</line>
<line number="249" hits="0" branch="true" condition-coverage="0% (0/2)">
<conditions>
<condition number="0" type="jump" coverage="0%"/>
</conditions>
</line>
<line number="251" hits="0" branch="false"/>
<line number="254" hits="4" branch="true" condition-coverage="100% (2/2)">
<conditions>
<condition number="0" type="jump" coverage="100%"/>
</conditions>
</line>
<line number="256" hits="2" branch="true" condition-coverage="50% (1/2)">
<conditions>
<condition number="0" type="jump" coverage="50%"/>
</conditions>
</line>
<line number="258" hits="0" branch="true" condition-coverage="0% (0/2)">
<conditions>
<condition number="0" type="jump" coverage="0%"/>
</conditions>
</line>
<line number="259" hits="0" branch="false"/>
<line number="261" hits="2" branch="false"/>
<line number="262" hits="2" branch="false"/>
<line number="263" hits="2" branch="false"/>
<line number="264" hits="2" branch="false"/>
<line number="265" hits="2" branch="true" condition-coverage="50% (2/4)">
<conditions>
<condition number="0" type="jump" coverage="50%"/>
</conditions>
</line>
<line number="267" hits="0" branch="true" condition-coverage="0% (0/2)">
<conditions>
<condition number="0" type="jump" coverage="0%"/>
</conditions>
</line>
<line number="268" hits="0" branch="false"/>
<line number="270" hits="2" branch="true" condition-coverage="16% (1/6)">
<conditions>
<condition number="0" type="jump" coverage="16%"/>
</conditions>
</line>
<line number="273" hits="2" branch="true" condition-coverage="50% (2/4)">
<conditions>
<condition number="0" type="jump" coverage="50%"/>
</conditions>
</line>
<line number="275" hits="2" branch="true" condition-coverage="50% (1/2)">
<conditions>
<condition number="0" type="jump" coverage="50%"/>
</conditions>
</line>
<line number="277" hits="2" branch="false"/>
<line number="278" hits="2" branch="true" condition-coverage="50% (1/2)">
<conditions>
<condition number="0" type="jump" coverage="50%"/>
</conditions>
</line>
<line number="280" hits="2" branch="false"/>
<line number="281" hits="2" branch="false"/>
<line number="282" hits="2" branch="false"/>
<line number="283" hits="2" branch="false"/>
<line number="287" hits="0" branch="true" condition-coverage="0% (0/2)">
<conditions>
<condition number="0" type="jump" coverage="0%"/>
</conditions>
</line>
<line number="288" hits="0" branch="false"/>
<line number="293" hits="0" branch="true" condition-coverage="0% (0/2)">
<conditions>
<condition number="0" type="jump" coverage="0%"/>
</conditions>
</line>
<line number="294" hits="0" branch="false"/>
<line number="298" hits="0" branch="true" condition-coverage="0% (0/2)">
<conditions>
<condition number="0" type="jump" coverage="0%"/>
</conditions>
</line>
<line number="299" hits="2" branch="false"/>
<line number="300" hits="2" branch="false"/>
<line number="302" hits="2" branch="false"/>
<line number="360" hits="5" branch="false"/>
<line number="377" hits="5" branch="true" condition-coverage="50% (1/2)">
<conditions>
<condition number="0" type="jump" coverage="50%"/>
</conditions>
</line>
<line number="379" hits="0" branch="true" condition-coverage="0% (0/2)">
<conditions>
<condition number="0" type="jump" coverage="0%"/>
</conditions>
</line>
<line number="380" hits="0" branch="false"/>
<line number="383" hits="5" branch="false"/>
<line number="384" hits="5" branch="false"/>
<line number="385" hits="5" branch="false"/>
<line number="386" hits="5" branch="false"/>
<line number="388" hits="5" branch="true" condition-coverage="100% (2/2)">
<conditions>
<condition number="0" type="jump" coverage="100%"/>
</conditions>
</line>
<line number="389" hits="2" branch="true" condition-coverage="50% (1/2)">
<conditions>
<condition number="0" type="jump" coverage="50%"/>
</conditions>
</line>
<line number="391" hits="3" branch="true" condition-coverage="100% (2/2)">
<conditions>
<condition number="0" type="jump" coverage="100%"/>
</conditions>
</line>
<line number="392" hits="1" branch="true" condition-coverage="50% (1/2)">
<conditions>
<condition number="0" type="jump" coverage="50%"/>
</conditions>
</line>
<line number="394" hits="2" branch="true" condition-coverage="50% (1/2)">
<conditions>
<condition number="0" type="jump" coverage="50%"/>
</conditions>
</line>
<line number="396" hits="2" branch="false"/>
<line number="397" hits="2" branch="false"/>
<line number="398" hits="2" branch="true" condition-coverage="50% (1/2)">
<conditions>
<condition number="0" type="jump" coverage="50%"/>
</conditions>
</line>
<line number="403" hits="0" branch="true" condition-coverage="0% (0/2)">
<conditions>
<condition number="0" type="jump" coverage="0%"/>
</conditions>
</line>
<line number="405" hits="0" branch="false"/>
<line number="408" hits="11" branch="true" condition-coverage="100% (2/2)">
<conditions>
<condition number="0" type="jump" coverage="100%"/>
</conditions>
</line>
<line number="410" hits="6" branch="true" condition-coverage="50% (1/2)">
<conditions>
<condition number="0" type="jump" coverage="50%"/>
</conditions>
</line>
<line number="411" hits="0" branch="false"/>
<line number="412" hits="6" branch="false"/>
<line number="413" hits="6" branch="false"/>
<line number="414" hits="6" branch="false"/>
<line number="415" hits="6" branch="false"/>
<line number="416" hits="6" branch="true" condition-coverage="50% (1/2)">
<conditions>
<condition number="0" type="jump" coverage="50%"/>
</conditions>
</line>
<line number="418" hits="0" branch="true" condition-coverage="0% (0/2)">
<conditions>
<condition number="0" type="jump" coverage="0%"/>
</conditions>
</line>
<line number="419" hits="0" branch="false"/>
<line number="421" hits="6" branch="false"/>
<line number="422" hits="6" branch="false"/>
<line number="423" hits="6" branch="false"/>
<line number="424" hits="6" branch="false"/>
<line number="425" hits="6" branch="false"/>
<line number="426" hits="6" branch="true" condition-coverage="50% (1/2)">
<conditions>
<condition number="0" type="jump" coverage="50%"/>
</conditions>
</line>
<line number="428" hits="27" branch="true" condition-coverage="100% (2/2)">
<conditions>
<condition number="0" type="jump" coverage="100%"/>
</conditions>
</line>
<line number="430" hits="21" branch="true" condition-coverage="50% (1/2)">
<conditions>
<condition number="0" type="jump" coverage="50%"/>
</conditions>
</line>
<line number="432" hits="0" branch="true" condition-coverage="0% (0/2)">
<conditions>
<condition number="0" type="jump" coverage="0%"/>
</conditions>
</line>
<line number="433" hits="0" branch="false"/>
<line number="434" hits="0" branch="false"/>
<line number="436" hits="21" branch="false"/>
<line number="437" hits="21" branch="false"/>
<line number="438" hits="21" branch="false"/>
<line number="439" hits="21" branch="false"/>
<line number="440" hits="21" branch="true" condition-coverage="50% (1/2)">
<conditions>
<condition number="0" type="jump" coverage="50%"/>
</conditions>
</line>
<line number="442" hits="0" branch="true" condition-coverage="0% (0/2)">
<conditions>
<condition number="0" type="jump" coverage="0%"/>
</conditions>
</line>
<line number="444" hits="0" branch="false"/>
<line number="445" hits="0" branch="false"/>
<line number="448" hits="21" branch="true" condition-coverage="50% (1/2)">
<conditions>
<condition number="0" type="jump" coverage="50%"/>
</conditions>
</line>
<line number="449" hits="21" branch="true" condition-coverage="50% (1/2)">
<conditions>
<condition number="0" type="jump" coverage="50%"/>
</conditions>
</line>
<line number="451" hits="21" branch="true" condition-coverage="85% (6/7)">
<conditions>
<condition number="0" type="jump" coverage="85%"/>
</conditions>
</line>
<line number="453" hits="4" branch="false"/>
<line number="454" hits="4" branch="true" condition-coverage="50% (1/2)">
<conditions>
<condition number="0" type="jump" coverage="50%"/>
</conditions>
</line>
<line number="456" hits="0" branch="true" condition-coverage="0% (0/2)">
<conditions>
<condition number="0" type="jump" coverage="0%"/>
</conditions>
</line>
<line number="458" hits="0" branch="false"/>
<line number="459" hits="0" branch="false"/>
<line number="463" hits="8" branch="true" condition-coverage="75% (3/4)">
<conditions>
<condition number="0" type="jump" coverage="75%"/>
</conditions>
</line>
<line number="464" hits="4" branch="true" condition-coverage="25% (1/4)">
<conditions>
<condition number="0" type="jump" coverage="25%"/>
</conditions>
</line>
<line number="465" hits="4" branch="true" condition-coverage="50% (1/2)">
<conditions>
<condition number="0" type="jump" coverage="50%"/>
</conditions>
</line>
<line number="467" hits="4" branch="true" condition-coverage="100% (2/2)">
<conditions>
<condition number="0" type="jump" coverage="100%"/>
</conditions>
</line>
<line number="470" hits="1" branch="true" condition-coverage="50% (1/2)">
<conditions>
<condition number="0" type="jump" coverage="50%"/>
</conditions>
</line>
<line number="471" hits="1" branch="true" condition-coverage="50% (1/2)">
<conditions>
<condition number="0" type="jump" coverage="50%"/>
</conditions>
</line>
<line number="472" hits="0" branch="false"/>
<line number="473" hits="1" branch="true" condition-coverage="50% (1/2)">
<conditions>
<condition number="0" type="jump" coverage="50%"/>
</conditions>
</line>
<line number="475" hits="1" branch="false"/>
<line number="477" hits="1" branch="true" condition-coverage="50% (1/2)">
<conditions>
<condition number="0" type="jump" coverage="50%"/>
</conditions>
</line>
<line number="479" hits="0" branch="true" condition-coverage="0% (0/2)">
<conditions>
<condition number="0" type="jump" coverage="0%"/>
</conditions>
</line>
<line number="480" hits="0" branch="false"/>
<line number="482" hits="1" branch="false"/>
<line number="486" hits="0" branch="true" condition-coverage="0% (0/2)">
<conditions>
<condition number="0" type="jump" coverage="0%"/>
</conditions>
</line>
<line number="488" hits="3" branch="true" condition-coverage="50% (1/2)">
<conditions>
<condition number="0" type="jump" coverage="50%"/>
</conditions>
</line>
<line number="490" hits="0" branch="true" condition-coverage="0% (0/2)">
<conditions>
<condition number="0" type="jump" coverage="0%"/>
</conditions>
</line>
<line number="491" hits="0" branch="false"/>
<line number="495" hits="4" branch="false"/>
<line number="497" hits="4" branch="false"/>
<line number="498" hits="4" branch="true" condition-coverage="50% (1/2)">
<conditions>
<condition number="0" type="jump" coverage="50%"/>
</conditions>
</line>
<line number="500" hits="0" branch="true" condition-coverage="0% (0/2)">
<conditions>
<condition number="0" type="jump" coverage="0%"/>
</conditions>
</line>
<line number="501" hits="0" branch="false"/>
<line number="502" hits="0" branch="false"/>
<line number="506" hits="8" branch="true" condition-coverage="75% (3/4)">
<conditions>
<condition number="0" type="jump" coverage="75%"/>
</conditions>
</line>
<line number="507" hits="4" branch="true" condition-coverage="25% (1/4)">
<conditions>
<condition number="0" type="jump" coverage="25%"/>
</conditions>
</line>
<line number="509" hits="4" branch="false"/>
<line number="511" hits="4" branch="false"/>
<line number="512" hits="4" branch="true" condition-coverage="50% (1/2)">
<conditions>
<condition number="0" type="jump" coverage="50%"/>
</conditions>
</line>
<line number="514" hits="0" branch="true" condition-coverage="0% (0/2)">
<conditions>
<condition number="0" type="jump" coverage="0%"/>
</conditions>
</line>
<line number="516" hits="0" branch="false"/>
<line number="517" hits="0" branch="false"/>
<line number="519" hits="4" branch="false"/>
<line number="520" hits="4" branch="false"/>
<line number="521" hits="4" branch="true" condition-coverage="50% (1/2)">
<conditions>
<condition number="0" type="jump" coverage="50%"/>
</conditions>
</line>
<line number="523" hits="0" branch="true" condition-coverage="0% (0/2)">
<conditions>
<condition number="0" type="jump" coverage="0%"/>
</conditions>
</line>
<line number="524" hits="0" branch="false"/>
<line number="526" hits="4" branch="false"/>
<line number="527" hits="4" branch="true" condition-coverage="25% (1/4)">
<conditions>
<condition number="0" type="jump" coverage="25%"/>
</conditions>
</line>
<line number="528" hits="4" branch="true" condition-coverage="50% (1/2)">
<conditions>
<condition number="0" type="jump" coverage="50%"/>
</conditions>
</line>
<line number="530" hits="4" branch="false"/>
<line number="531" hits="4" branch="false"/>
<line number="534" hits="0" branch="false"/>
<line number="535" hits="4" branch="false"/>
<line number="537" hits="4" branch="false"/>
<line number="538" hits="4" branch="true" condition-coverage="50% (1/2)">
<conditions>
<condition number="0" type="jump" coverage="50%"/>
</conditions>
</line>
<line number="540" hits="0" branch="true" condition-coverage="0% (0/2)">
<conditions>
<condition number="0" type="jump" coverage="0%"/>
</conditions>
</line>
<line number="542" hits="0" branch="false"/>
<line number="543" hits="0" branch="false"/>
<line number="545" hits="4" branch="false"/>
<line number="546" hits="4" branch="false"/>
<line number="547" hits="4" branch="true" condition-coverage="50% (1/2)">
<conditions>
<condition number="0" type="jump" coverage="50%"/>
</conditions>
</line>
<line number="549" hits="0" branch="true" condition-coverage="0% (0/2)">
<conditions>
<condition number="0" type="jump" coverage="0%"/>
</conditions>
</line>
<line number="550" hits="0" branch="false"/>
<line number="552" hits="4" branch="false"/>
<line number="553" hits="4" branch="true" condition-coverage="25% (1/4)">
<conditions>
<condition number="0" type="jump" coverage="25%"/>
</conditions>
</line>
<line number="554" hits="4" branch="true" condition-coverage="50% (1/2)">
<conditions>
<condition number="0" type="jump" coverage="50%"/>
</conditions>
</line>
<line number="556" hits="4" branch="false"/>
<line number="557" hits="4" branch="false"/>
<line number="560" hits="0" branch="false"/>
<line number="561" hits="4" branch="false"/>
<line number="563" hits="4" branch="false"/>
<line number="564" hits="4" branch="true" condition-coverage="50% (1/2)">
<conditions>
<condition number="0" type="jump" coverage="50%"/>
</conditions>
</line>
<line number="566" hits="0" branch="true" condition-coverage="0% (0/2)">
<conditions>
<condition number="0" type="jump" coverage="0%"/>
</conditions>
</line>
<line number="568" hits="0" branch="false"/>
<line number="569" hits="0" branch="false"/>
<line number="571" hits="4" branch="false"/>
<line number="572" hits="4" branch="false"/>
<line number="573" hits="4" branch="true" condition-coverage="50% (1/2)">
<conditions>
<condition number="0" type="jump" coverage="50%"/>
</conditions>
</line>
<line number="574" hits="4" branch="false"/>
<line number="576" hits="1" branch="false"/>
<line number="577" hits="1" branch="true" condition-coverage="50% (1/2)">
<conditions>
<condition number="0" type="jump" coverage="50%"/>
</conditions>
</line>
<line number="579" hits="0" branch="true" condition-coverage="0% (0/2)">
<conditions>
<condition number="0" type="jump" coverage="0%"/>
</conditions>
</line>
<line number="581" hits="0" branch="false"/>
<line number="582" hits="0" branch="false"/>
<line number="584" hits="1" branch="false"/>
<line number="585" hits="1" branch="false"/>
<line number="586" hits="1" branch="true" condition-coverage="50% (1/2)">
<conditions>
<condition number="0" type="jump" coverage="50%"/>
</conditions>
</line>
<line number="587" hits="1" branch="false"/>
<line number="589" hits="0" branch="false"/>
<line number="590" hits="0" branch="false"/>
<line number="593" hits="21" branch="false"/>
<line number="594" hits="21" branch="false"/>
<line number="596" hits="6" branch="true" condition-coverage="100% (2/2)">
<conditions>
<condition number="0" type="jump" coverage="100%"/>
</conditions>
</line>
<line number="599" hits="3" branch="true" condition-coverage="50% (1/2)">
<conditions>
<condition number="0" type="jump" coverage="50%"/>
</conditions>
</line>
<line number="601" hits="3" branch="false"/>
<line number="602" hits="3" branch="true" condition-coverage="100% (2/2)">
<conditions>
<condition number="0" type="jump" coverage="100%"/>
</conditions>
</line>
<line number="604" hits="2" branch="false"/>
<line number="605" hits="2" branch="false"/>
<line number="606" hits="2" branch="false"/>
<line number="607" hits="2" branch="false"/>
<line number="610" hits="2" branch="false"/>
<line number="612" hits="4" branch="true" condition-coverage="50% (1/2)">
<conditions>
<condition number="0" type="jump" coverage="50%"/>
</conditions>
</line>
<line number="615" hits="6" branch="true" condition-coverage="100% (2/2)">
<conditions>
<condition number="0" type="jump" coverage="100%"/>
</conditions>
</line>
<line number="616" hits="3" branch="true" condition-coverage="100% (2/2)">
<conditions>
<condition number="0" type="jump" coverage="100%"/>
</conditions>
</line>
<line number="617" hits="2" branch="false"/>
<line number="618" hits="4" branch="true" condition-coverage="100% (2/2)">
<conditions>
<condition number="0" type="jump" coverage="100%"/>
</conditions>
</line>
<line number="620" hits="1" branch="true" condition-coverage="50% (1/2)">
<conditions>
<condition number="0" type="jump" coverage="50%"/>
</conditions>
</line>
<line number="623" hits="0" branch="true" condition-coverage="0% (0/2)">
<conditions>
<condition number="0" type="jump" coverage="0%"/>
</conditions>
</line>
<line number="625" hits="0" branch="false"/>
<line number="626" hits="0" branch="true" condition-coverage="0% (0/2)">
<conditions>
<condition number="0" type="jump" coverage="0%"/>
</conditions>
</line>
<line number="628" hits="0" branch="false"/>
<line number="629" hits="0" branch="true" condition-coverage="0% (0/2)">
<conditions>
<condition number="0" type="jump" coverage="0%"/>
</conditions>
</line>
<line number="632" hits="0" branch="false"/>
<line number="633" hits="0" branch="false"/>
<line number="636" hits="0" branch="false"/>
<line number="637" hits="0" branch="false"/>
<line number="639" hits="1" branch="true" condition-coverage="50% (1/2)">
<conditions>
<condition number="0" type="jump" coverage="50%"/>
</conditions>
</line>
<line number="641" hits="1" branch="true" condition-coverage="50% (1/2)">
<conditions>
<condition number="0" type="jump" coverage="50%"/>
</conditions>
</line>
<line number="642" hits="1" branch="true" condition-coverage="50% (1/2)">
<conditions>
<condition number="0" type="jump" coverage="50%"/>
</conditions>
</line>
<line number="643" hits="1" branch="true" condition-coverage="50% (1/2)">
<conditions>
<condition number="0" type="jump" coverage="50%"/>
</conditions>
</line>
<line number="644" hits="1" branch="true" condition-coverage="50% (1/2)">
<conditions>
<condition number="0" type="jump" coverage="50%"/>
</conditions>
</line>
<line number="645" hits="1" branch="true" condition-coverage="50% (1/2)">
<conditions>
<condition number="0" type="jump" coverage="50%"/>
</conditions>
</line>
<line number="646" hits="0" branch="true" condition-coverage="0% (0/4)">
<conditions>
<condition number="0" type="jump" coverage="0%"/>
</conditions>
</line>
<line number="647" hits="0" branch="true" condition-coverage="0% (0/4)">
<conditions>
<condition number="0" type="jump" coverage="0%"/>
</conditions>
</line>
<line number="648" hits="0" branch="true" condition-coverage="0% (0/4)">
<conditions>
<condition number="0" type="jump" coverage="0%"/>
</conditions>
</line>
<line number="649" hits="0" branch="true" condition-coverage="0% (0/4)">
<conditions>
<condition number="0" type="jump" coverage="0%"/>
</conditions>
</line>
<line number="651" hits="1" branch="false"/>
<line number="659" hits="0" branch="true" condition-coverage="0% (0/2)">
<conditions>
<condition number="0" type="jump" coverage="0%"/>
</conditions>
</line>
<line number="661" hits="0" branch="true" condition-coverage="0% (0/2)">
<conditions>
<condition number="0" type="jump" coverage="0%"/>
</conditions>
</line>
<line number="663" hits="0" branch="false"/>
<line number="664" hits="0" branch="true" condition-coverage="0% (0/2)">
<conditions>
<condition number="0" type="jump" coverage="0%"/>
</conditions>
</line>
<line number="666" hits="0" branch="false"/>
<line number="667" hits="0" branch="true" condition-coverage="0% (0/2)">
<conditions>
<condition number="0" type="jump" coverage="0%"/>
</conditions>
</line>
<line number="670" hits="0" branch="false"/>
<line number="671" hits="0" branch="false"/>
<line number="672" hits="0" branch="false"/>
<line number="675" hits="0" branch="true" condition-coverage="0% (0/2)">
<conditions>
<condition number="0" type="jump" coverage="0%"/>
</conditions>
</line>
<line number="678" hits="0" branch="false"/>
<line number="679" hits="0" branch="false"/>
<line number="683" hits="0" branch="true" condition-coverage="0% (0/4)">
<conditions>
<condition number="0" type="jump" coverage="0%"/>
</conditions>
</line>
<line number="685" hits="0" branch="true" condition-coverage="0% (0/2)">
<conditions>
<condition number="0" type="jump" coverage="0%"/>
</conditions>
</line>
<line number="687" hits="0" branch="false"/>
<line number="688" hits="0" branch="true" condition-coverage="0% (0/2)">
<conditions>
<condition number="0" type="jump" coverage="0%"/>
</conditions>
</line>
<line number="690" hits="0" branch="false"/>
<line number="691" hits="0" branch="true" condition-coverage="0% (0/2)">
<conditions>
<condition number="0" type="jump" coverage="0%"/>
</conditions>
</line>
<line number="694" hits="0" branch="false"/>
<line number="695" hits="0" branch="false"/>
<line number="696" hits="0" branch="false"/>
<line number="699" hits="0" branch="true" condition-coverage="0% (0/2)">
<conditions>
<condition number="0" type="jump" coverage="0%"/>
</conditions>
</line>
<line number="702" hits="0" branch="false"/>
<line number="703" hits="0" branch="false"/>
<line number="710" hits="2" branch="true" condition-coverage="100% (2/2)">
<conditions>
<condition number="0" type="jump" coverage="100%"/>
</conditions>
</line>
<line number="712" hits="1" branch="false"/>
<line number="713" hits="1" branch="false"/>
<line number="714" hits="1" branch="false"/>
<line number="716" hits="2" branch="true" condition-coverage="100% (2/2)">
<conditions>
<condition number="0" type="jump" coverage="100%"/>
</conditions>
</line>
<line number="718" hits="1" branch="false"/>
<line number="719" hits="1" branch="false"/>
<line number="720" hits="1" branch="false"/>
<line number="722" hits="1" branch="false"/>
<line number="723" hits="1" branch="false"/>
<line number="724" hits="1" branch="false"/>
<line number="725" hits="1" branch="false"/>
<line number="726" hits="1" branch="false"/>
<line number="727" hits="1" branch="false"/>
<line number="728" hits="1" branch="false"/>
<line number="729" hits="1" branch="false"/>
<line number="730" hits="1" branch="false"/>
<line number="731" hits="1" branch="false"/>
<line number="736" hits="4" branch="true" condition-coverage="100% (2/2)">
<conditions>
<condition number="0" type="jump" coverage="100%"/>
</conditions>
</line>
<line number="738" hits="1" branch="false"/>
<line number="739" hits="1" branch="true" condition-coverage="50% (1/2)">
<conditions>
<condition number="0" type="jump" coverage="50%"/>
</conditions>
</line>
<line number="741" hits="0" branch="false"/>
<line number="742" hits="0" branch="true" condition-coverage="0% (0/2)">
<conditions>
<condition number="0" type="jump" coverage="0%"/>
</conditions>
</line>
<line number="745" hits="0" branch="false"/>
<line number="746" hits="0" branch="false"/>
<line number="749" hits="3" branch="false"/>
<line number="750" hits="3" branch="false"/>
<line number="751" hits="3" branch="false"/>
<line number="756" hits="0" branch="true" condition-coverage="0% (0/2)">
<conditions>
<condition number="0" type="jump" coverage="0%"/>
</conditions>
</line>
<line number="758" hits="0" branch="false"/>
<line number="761" hits="5" branch="false"/>
<line number="802" hits="8" branch="false"/>
<line number="808" hits="8" branch="false"/>
<line number="820" hits="8" branch="true" condition-coverage="50% (1/2)">
<conditions>
<condition number="0" type="jump" coverage="50%"/>
</conditions>
</line>
<line number="821" hits="8" branch="false"/>
<line number="823" hits="16" branch="true" condition-coverage="100% (2/2)">
<conditions>
<condition number="0" type="jump" coverage="100%"/>
</conditions>
</line>
<line number="825" hits="8" branch="false"/>
<line number="826" hits="8" branch="false"/>
<line number="827" hits="8" branch="false"/>
<line number="828" hits="8" branch="true" condition-coverage="50% (1/2)">
<conditions>
<condition number="0" type="jump" coverage="50%"/>
</conditions>
</line>
<line number="829" hits="0" branch="false"/>
<line number="830" hits="8" branch="false"/>
<line number="831" hits="8" branch="false"/>
<line number="832" hits="8" branch="true" condition-coverage="75% (3/4)">
<conditions>
<condition number="0" type="jump" coverage="75%"/>
</conditions>
</line>
<line number="834" hits="5" branch="false"/>
<line number="835" hits="5" branch="false"/>
<line number="836" hits="5" branch="true" condition-coverage="50% (1/2)">
<conditions>
<condition number="0" type="jump" coverage="50%"/>
</conditions>
</line>
<line number="838" hits="0" branch="false"/>
<line number="839" hits="0" branch="true" condition-coverage="0% (0/2)">
<conditions>
<condition number="0" type="jump" coverage="0%"/>
</conditions>
</line>
<line number="842" hits="5" branch="false"/>
<line number="844" hits="2" branch="false"/>
<line number="845" hits="2" branch="false"/>
<line number="846" hits="2" branch="true" condition-coverage="50% (1/2)">
<conditions>
<condition number="0" type="jump" coverage="50%"/>
</conditions>
</line>
<line number="848" hits="0" branch="false"/>
<line number="849" hits="0" branch="true" condition-coverage="0% (0/2)">
<conditions>
<condition number="0" type="jump" coverage="0%"/>
</conditions>
</line>
<line number="852" hits="2" branch="false"/>
<line number="854" hits="1" branch="false"/>
<line number="855" hits="1" branch="false"/>
<line number="856" hits="1" branch="true" condition-coverage="50% (1/2)">
<conditions>
<condition number="0" type="jump" coverage="50%"/>
</conditions>
</line>
<line number="858" hits="0" branch="false"/>
<line number="859" hits="0" branch="true" condition-coverage="0% (0/2)">
<conditions>
<condition number="0" type="jump" coverage="0%"/>
</conditions>
</line>
<line number="862" hits="1" branch="false"/>
<line number="963" hits="0" branch="false"/>
<line number="964" hits="0" branch="true" condition-coverage="0% (0/2)">
<conditions>
<condition number="0" type="jump" coverage="0%"/>
</conditions>
</line>
<line number="965" hits="0" branch="false"/>
<line number="967" hits="8" branch="false"/>
<line number="968" hits="8" branch="false"/>
<line number="970" hits="8" branch="true" condition-coverage="50% (1/2)">
<conditions>
<condition number="0" type="jump" coverage="50%"/>
</conditions>
</line>
<line number="971" hits="0" branch="false"/>
<line number="972" hits="8" branch="false"/>
</lines>
</class>
</classes>
</package>
<package name="test" line-rate="0.9937888198757764" branch-rate="0.5" complexity="0.0">
<classes>
<class name="ASAConfig_TLV_unit_test_c" filename="test/ASAConfig_TLV_unit_test.c" line-rate="0.9937888198757764" branch-rate="0.5" complexity="0.0">
<methods/>
<lines>
<line number="17" hits="1" branch="false"/>
<line number="19" hits="1" branch="false"/>
<line number="20" hits="1" branch="false"/>
<line number="22" hits="1" branch="false"/>
<line number="23" hits="1" branch="true" condition-coverage="50% (1/2)">
<conditions>
<condition number="0" type="jump" coverage="50%"/>
</conditions>
</line>
<line number="25" hits="1" branch="false"/>
<line number="40" hits="1" branch="false"/>
<line number="43" hits="1" branch="true" condition-coverage="50% (1/2)">
<conditions>
<condition number="0" type="jump" coverage="50%"/>
</conditions>
</line>
<line number="44" hits="1" branch="true" condition-coverage="50% (1/2)">
<conditions>
<condition number="0" type="jump" coverage="50%"/>
</conditions>
</line>
<line number="45" hits="1" branch="true" condition-coverage="50% (1/2)">
<conditions>
<condition number="0" type="jump" coverage="50%"/>
</conditions>
</line>
<line number="46" hits="1" branch="true" condition-coverage="50% (1/2)">
<conditions>
<condition number="0" type="jump" coverage="50%"/>
</conditions>
</line>
<line number="47" hits="1" branch="true" condition-coverage="50% (1/2)">
<conditions>
<condition number="0" type="jump" coverage="50%"/>
</conditions>
</line>
<line number="48" hits="1" branch="true" condition-coverage="50% (1/2)">
<conditions>
<condition number="0" type="jump" coverage="50%"/>
</conditions>
</line>
<line number="49" hits="1" branch="true" condition-coverage="50% (1/2)">
<conditions>
<condition number="0" type="jump" coverage="50%"/>
</conditions>
</line>
<line number="50" hits="1" branch="true" condition-coverage="50% (1/2)">
<conditions>
<condition number="0" type="jump" coverage="50%"/>
</conditions>
</line>
<line number="51" hits="1" branch="true" condition-coverage="50% (5/10)">
<conditions>
<condition number="0" type="jump" coverage="50%"/>
</conditions>
</line>
<line number="53" hits="1" branch="false"/>
<line number="55" hits="1" branch="false"/>
<line number="56" hits="1" branch="false"/>
<line number="59" hits="1" branch="false"/>
<line number="61" hits="1" branch="false"/>
<line number="62" hits="1" branch="false"/>
<line number="64" hits="1" branch="false"/>
<line number="65" hits="1" branch="true" condition-coverage="50% (1/2)">
<conditions>
<condition number="0" type="jump" coverage="50%"/>
</conditions>
</line>
<line number="67" hits="1" branch="false"/>
<line number="77" hits="1" branch="false"/>
<line number="80" hits="1" branch="true" condition-coverage="50% (1/2)">
<conditions>
<condition number="0" type="jump" coverage="50%"/>
</conditions>
</line>
<line number="81" hits="1" branch="true" condition-coverage="50% (1/2)">
<conditions>
<condition number="0" type="jump" coverage="50%"/>
</conditions>
</line>
<line number="82" hits="1" branch="true" condition-coverage="50% (1/2)">
<conditions>
<condition number="0" type="jump" coverage="50%"/>
</conditions>
</line>
<line number="83" hits="1" branch="true" condition-coverage="50% (1/2)">
<conditions>
<condition number="0" type="jump" coverage="50%"/>
</conditions>
</line>
<line number="84" hits="1" branch="true" condition-coverage="50% (1/2)">
<conditions>
<condition number="0" type="jump" coverage="50%"/>
</conditions>
</line>
<line number="85" hits="1" branch="true" condition-coverage="50% (1/2)">
<conditions>
<condition number="0" type="jump" coverage="50%"/>
</conditions>
</line>
<line number="86" hits="1" branch="true" condition-coverage="50% (1/2)">
<conditions>
<condition number="0" type="jump" coverage="50%"/>
</conditions>
</line>
<line number="88" hits="1" branch="false"/>
<line number="90" hits="1" branch="false"/>
<line number="91" hits="1" branch="false"/>
<line number="93" hits="1" branch="false"/>
<line number="95" hits="1" branch="false"/>
<line number="96" hits="1" branch="false"/>
<line number="98" hits="1" branch="false"/>
<line number="99" hits="1" branch="true" condition-coverage="50% (1/2)">
<conditions>
<condition number="0" type="jump" coverage="50%"/>
</conditions>
</line>
<line number="101" hits="1" branch="false"/>
<line number="146" hits="1" branch="false"/>
<line number="147" hits="1" branch="true" condition-coverage="50% (1/2)">
<conditions>
<condition number="0" type="jump" coverage="50%"/>
</conditions>
</line>
<line number="148" hits="1" branch="true" condition-coverage="50% (1/2)">
<conditions>
<condition number="0" type="jump" coverage="50%"/>
</conditions>
</line>
<line number="149" hits="1" branch="true" condition-coverage="50% (1/2)">
<conditions>
<condition number="0" type="jump" coverage="50%"/>
</conditions>
</line>
<line number="150" hits="1" branch="true" condition-coverage="50% (1/2)">
<conditions>
<condition number="0" type="jump" coverage="50%"/>
</conditions>
</line>
<line number="151" hits="1" branch="true" condition-coverage="50% (1/2)">
<conditions>
<condition number="0" type="jump" coverage="50%"/>
</conditions>
</line>
<line number="152" hits="1" branch="true" condition-coverage="50% (1/2)">
<conditions>
<condition number="0" type="jump" coverage="50%"/>
</conditions>
</line>
<line number="153" hits="1" branch="true" condition-coverage="50% (1/2)">
<conditions>
<condition number="0" type="jump" coverage="50%"/>
</conditions>
</line>
<line number="154" hits="1" branch="true" condition-coverage="50% (1/2)">
<conditions>
<condition number="0" type="jump" coverage="50%"/>
</conditions>
</line>
<line number="155" hits="1" branch="true" condition-coverage="50% (1/2)">
<conditions>
<condition number="0" type="jump" coverage="50%"/>
</conditions>
</line>
<line number="156" hits="1" branch="true" condition-coverage="50% (1/2)">
<conditions>
<condition number="0" type="jump" coverage="50%"/>
</conditions>
</line>
<line number="157" hits="1" branch="true" condition-coverage="50% (5/10)">
<conditions>
<condition number="0" type="jump" coverage="50%"/>
</conditions>
</line>
<line number="158" hits="1" branch="true" condition-coverage="50% (1/2)">
<conditions>
<condition number="0" type="jump" coverage="50%"/>
</conditions>
</line>
<line number="159" hits="1" branch="true" condition-coverage="50% (1/2)">
<conditions>
<condition number="0" type="jump" coverage="50%"/>
</conditions>
</line>
<line number="160" hits="1" branch="true" condition-coverage="50% (5/10)">
<conditions>
<condition number="0" type="jump" coverage="50%"/>
</conditions>
</line>
<line number="161" hits="1" branch="true" condition-coverage="50% (1/2)">
<conditions>
<condition number="0" type="jump" coverage="50%"/>
</conditions>
</line>
<line number="162" hits="1" branch="true" condition-coverage="50% (1/2)">
<conditions>
<condition number="0" type="jump" coverage="50%"/>
</conditions>
</line>
<line number="163" hits="1" branch="true" condition-coverage="50% (5/10)">
<conditions>
<condition number="0" type="jump" coverage="50%"/>
</conditions>
</line>
<line number="165" hits="1" branch="false"/>
<line number="205" hits="1" branch="false"/>
<line number="206" hits="1" branch="false"/>
<line number="207" hits="1" branch="true" condition-coverage="50% (1/2)">
<conditions>
<condition number="0" type="jump" coverage="50%"/>
</conditions>
</line>
<line number="208" hits="1" branch="true" condition-coverage="50% (1/2)">
<conditions>
<condition number="0" type="jump" coverage="50%"/>
</conditions>
</line>
<line number="209" hits="1" branch="true" condition-coverage="50% (1/2)">
<conditions>
<condition number="0" type="jump" coverage="50%"/>
</conditions>
</line>
<line number="210" hits="1" branch="true" condition-coverage="50% (1/2)">
<conditions>
<condition number="0" type="jump" coverage="50%"/>
</conditions>
</line>
<line number="211" hits="1" branch="true" condition-coverage="50% (1/2)">
<conditions>
<condition number="0" type="jump" coverage="50%"/>
</conditions>
</line>
<line number="212" hits="1" branch="true" condition-coverage="50% (1/2)">
<conditions>
<condition number="0" type="jump" coverage="50%"/>
</conditions>
</line>
<line number="213" hits="1" branch="true" condition-coverage="50% (1/2)">
<conditions>
<condition number="0" type="jump" coverage="50%"/>
</conditions>
</line>
<line number="214" hits="1" branch="true" condition-coverage="50% (1/2)">
<conditions>
<condition number="0" type="jump" coverage="50%"/>
</conditions>
</line>
<line number="215" hits="1" branch="true" condition-coverage="50% (1/2)">
<conditions>
<condition number="0" type="jump" coverage="50%"/>
</conditions>
</line>
<line number="216" hits="1" branch="true" condition-coverage="50% (5/10)">
<conditions>
<condition number="0" type="jump" coverage="50%"/>
</conditions>
</line>
<line number="217" hits="1" branch="true" condition-coverage="50% (1/2)">
<conditions>
<condition number="0" type="jump" coverage="50%"/>
</conditions>
</line>
<line number="218" hits="1" branch="true" condition-coverage="50% (1/2)">
<conditions>
<condition number="0" type="jump" coverage="50%"/>
</conditions>
</line>
<line number="219" hits="1" branch="true" condition-coverage="50% (5/10)">
<conditions>
<condition number="0" type="jump" coverage="50%"/>
</conditions>
</line>
<line number="220" hits="1" branch="true" condition-coverage="50% (1/2)">
<conditions>
<condition number="0" type="jump" coverage="50%"/>
</conditions>
</line>
<line number="221" hits="1" branch="true" condition-coverage="50% (1/2)">
<conditions>
<condition number="0" type="jump" coverage="50%"/>
</conditions>
</line>
<line number="222" hits="1" branch="true" condition-coverage="50% (5/10)">
<conditions>
<condition number="0" type="jump" coverage="50%"/>
</conditions>
</line>
<line number="224" hits="1" branch="false"/>
<line number="264" hits="1" branch="false"/>
<line number="265" hits="1" branch="false"/>
<line number="266" hits="1" branch="true" condition-coverage="50% (1/2)">
<conditions>
<condition number="0" type="jump" coverage="50%"/>
</conditions>
</line>
<line number="267" hits="1" branch="true" condition-coverage="50% (1/2)">
<conditions>
<condition number="0" type="jump" coverage="50%"/>
</conditions>
</line>
<line number="268" hits="1" branch="true" condition-coverage="50% (1/2)">
<conditions>
<condition number="0" type="jump" coverage="50%"/>
</conditions>
</line>
<line number="269" hits="1" branch="true" condition-coverage="50% (1/2)">
<conditions>
<condition number="0" type="jump" coverage="50%"/>
</conditions>
</line>
<line number="270" hits="1" branch="true" condition-coverage="50% (1/2)">
<conditions>
<condition number="0" type="jump" coverage="50%"/>
</conditions>
</line>
<line number="271" hits="1" branch="true" condition-coverage="50% (1/2)">
<conditions>
<condition number="0" type="jump" coverage="50%"/>
</conditions>
</line>
<line number="272" hits="1" branch="true" condition-coverage="50% (1/2)">
<conditions>
<condition number="0" type="jump" coverage="50%"/>
</conditions>
</line>
<line number="273" hits="1" branch="true" condition-coverage="50% (1/2)">
<conditions>
<condition number="0" type="jump" coverage="50%"/>
</conditions>
</line>
<line number="274" hits="1" branch="true" condition-coverage="50% (1/2)">
<conditions>
<condition number="0" type="jump" coverage="50%"/>
</conditions>
</line>
<line number="275" hits="1" branch="true" condition-coverage="50% (5/10)">
<conditions>
<condition number="0" type="jump" coverage="50%"/>
</conditions>
</line>
<line number="276" hits="1" branch="true" condition-coverage="50% (1/2)">
<conditions>
<condition number="0" type="jump" coverage="50%"/>
</conditions>
</line>
<line number="277" hits="1" branch="true" condition-coverage="50% (1/2)">
<conditions>
<condition number="0" type="jump" coverage="50%"/>
</conditions>
</line>
<line number="278" hits="1" branch="true" condition-coverage="50% (5/10)">
<conditions>
<condition number="0" type="jump" coverage="50%"/>
</conditions>
</line>
<line number="279" hits="1" branch="true" condition-coverage="50% (1/2)">
<conditions>
<condition number="0" type="jump" coverage="50%"/>
</conditions>
</line>
<line number="280" hits="1" branch="true" condition-coverage="50% (1/2)">
<conditions>
<condition number="0" type="jump" coverage="50%"/>
</conditions>
</line>
<line number="281" hits="1" branch="true" condition-coverage="50% (5/10)">
<conditions>
<condition number="0" type="jump" coverage="50%"/>
</conditions>
</line>
<line number="283" hits="1" branch="false"/>
<line number="304" hits="1" branch="false"/>
<line number="305" hits="1" branch="true" condition-coverage="50% (1/2)">
<conditions>
<condition number="0" type="jump" coverage="50%"/>
</conditions>
</line>
<line number="306" hits="1" branch="true" condition-coverage="50% (1/2)">
<conditions>
<condition number="0" type="jump" coverage="50%"/>
</conditions>
</line>
<line number="309" hits="1" branch="true" condition-coverage="50% (1/2)">
<conditions>
<condition number="0" type="jump" coverage="50%"/>
</conditions>
</line>
<line number="311" hits="1" branch="false"/>
<line number="313" hits="1" branch="false"/>
<line number="314" hits="1" branch="false"/>
<line number="317" hits="1" branch="false"/>
<line number="319" hits="1" branch="false"/>
<line number="320" hits="1" branch="false"/>
<line number="322" hits="1" branch="false"/>
<line number="323" hits="1" branch="true" condition-coverage="50% (1/2)">
<conditions>
<condition number="0" type="jump" coverage="50%"/>
</conditions>
</line>
<line number="325" hits="1" branch="false"/>
<line number="340" hits="1" branch="false"/>
<line number="341" hits="1" branch="true" condition-coverage="50% (1/2)">
<conditions>
<condition number="0" type="jump" coverage="50%"/>
</conditions>
</line>
<line number="342" hits="1" branch="true" condition-coverage="50% (1/2)">
<conditions>
<condition number="0" type="jump" coverage="50%"/>
</conditions>
</line>
<line number="343" hits="1" branch="true" condition-coverage="50% (1/2)">
<conditions>
<condition number="0" type="jump" coverage="50%"/>
</conditions>
</line>
<line number="344" hits="1" branch="true" condition-coverage="50% (1/2)">
<conditions>
<condition number="0" type="jump" coverage="50%"/>
</conditions>
</line>
<line number="345" hits="1" branch="true" condition-coverage="50% (1/2)">
<conditions>
<condition number="0" type="jump" coverage="50%"/>
</conditions>
</line>
<line number="346" hits="1" branch="true" condition-coverage="50% (1/2)">
<conditions>
<condition number="0" type="jump" coverage="50%"/>
</conditions>
</line>
<line number="347" hits="1" branch="true" condition-coverage="50% (1/2)">
<conditions>
<condition number="0" type="jump" coverage="50%"/>
</conditions>
</line>
<line number="348" hits="1" branch="true" condition-coverage="50% (5/10)">
<conditions>
<condition number="0" type="jump" coverage="50%"/>
</conditions>
</line>
<line number="350" hits="1" branch="false"/>
<line number="390" hits="1" branch="false"/>
<line number="391" hits="1" branch="true" condition-coverage="50% (1/2)">
<conditions>
<condition number="0" type="jump" coverage="50%"/>
</conditions>
</line>
<line number="392" hits="1" branch="true" condition-coverage="50% (1/2)">
<conditions>
<condition number="0" type="jump" coverage="50%"/>
</conditions>
</line>
<line number="393" hits="1" branch="true" condition-coverage="50% (1/2)">
<conditions>
<condition number="0" type="jump" coverage="50%"/>
</conditions>
</line>
<line number="394" hits="1" branch="true" condition-coverage="50% (1/2)">
<conditions>
<condition number="0" type="jump" coverage="50%"/>
</conditions>
</line>
<line number="395" hits="1" branch="true" condition-coverage="50% (1/2)">
<conditions>
<condition number="0" type="jump" coverage="50%"/>
</conditions>
</line>
<line number="396" hits="1" branch="true" condition-coverage="50% (1/2)">
<conditions>
<condition number="0" type="jump" coverage="50%"/>
</conditions>
</line>
<line number="397" hits="1" branch="true" condition-coverage="50% (1/2)">
<conditions>
<condition number="0" type="jump" coverage="50%"/>
</conditions>
</line>
<line number="398" hits="1" branch="true" condition-coverage="50% (1/2)">
<conditions>
<condition number="0" type="jump" coverage="50%"/>
</conditions>
</line>
<line number="399" hits="1" branch="true" condition-coverage="50% (1/2)">
<conditions>
<condition number="0" type="jump" coverage="50%"/>
</conditions>
</line>
<line number="400" hits="1" branch="true" condition-coverage="50% (5/10)">
<conditions>
<condition number="0" type="jump" coverage="50%"/>
</conditions>
</line>
<line number="401" hits="1" branch="true" condition-coverage="50% (1/2)">
<conditions>
<condition number="0" type="jump" coverage="50%"/>
</conditions>
</line>
<line number="402" hits="1" branch="true" condition-coverage="50% (1/2)">
<conditions>
<condition number="0" type="jump" coverage="50%"/>
</conditions>
</line>
<line number="403" hits="1" branch="true" condition-coverage="50% (5/10)">
<conditions>
<condition number="0" type="jump" coverage="50%"/>
</conditions>
</line>
<line number="404" hits="1" branch="true" condition-coverage="50% (1/2)">
<conditions>
<condition number="0" type="jump" coverage="50%"/>
</conditions>
</line>
<line number="405" hits="1" branch="true" condition-coverage="50% (1/2)">
<conditions>
<condition number="0" type="jump" coverage="50%"/>
</conditions>
</line>
<line number="406" hits="1" branch="true" condition-coverage="50% (5/10)">
<conditions>
<condition number="0" type="jump" coverage="50%"/>
</conditions>
</line>
<line number="409" hits="1" branch="true" condition-coverage="50% (1/2)">
<conditions>
<condition number="0" type="jump" coverage="50%"/>
</conditions>
</line>
<line number="411" hits="1" branch="false"/>
<line number="413" hits="1" branch="false"/>
<line number="414" hits="1" branch="false"/>
<line number="420" hits="5" branch="false"/>
<line number="426" hits="5" branch="false"/>
<line number="428" hits="5" branch="false"/>
<line number="429" hits="5" branch="false"/>
<line number="431" hits="5" branch="false"/>
<line number="432" hits="5" branch="false"/>
<line number="433" hits="5" branch="false"/>
<line number="434" hits="5" branch="false"/>
<line number="436" hits="5" branch="false"/>
<line number="438" hits="5" branch="false"/>
<line number="441" hits="5" branch="false"/>
<line number="448" hits="5" branch="false"/>
<line number="449" hits="5" branch="false"/>
<line number="452" hits="5" branch="false"/>
<line number="453" hits="1" branch="false"/>
<line number="454" hits="1" branch="false"/>
<line number="456" hits="1" branch="true" condition-coverage="50% (1/2)">
<conditions>
<condition number="0" type="jump" coverage="50%"/>
</conditions>
</line>
<line number="457" hits="0" branch="false"/>
</lines>
</class>
</classes>
</package>
</packages>
</coverage>

